<?xml version="1.0" encoding="UTF-8"?>
<!-- Generated by org.testng.reporters.JUnitReportReporter -->
<testsuite hostname="DESKTOP-MEL0TQP" failures="0" tests="1" name="demo2.D2Test" time="0.018" errors="0" timestamp="2024-06-24T18:47:15 IST" skipped="0">
  <testcase classname="demo2.D2Test" name="d1Test" time="0.018"/>
  <system-out/>
</testsuite> <!-- demo2.D2Test -->
